2`1`0`1`2`1`/`0,0
3`1`0`2`2`1`/`1,1
4`1`0`3`2`1`/`2,2
5`1`0`4`2`1`/`3,3
6`1`0`5`2`1`/`4,4
7`1`0`6`2`1`/`5,5
8`1`0`7`2`1`/`6,6
9`1`0`8`2`1`/`7,7
10`1`0`9`2`1`/`8,8
11`1`0`10`2`1`/`9,9
12`1`0`11`2`1`/`10,10
13`1`0`12`2`1`/`11,11
14`1`0`13`2`1`/`12,12
15`1`0`14`2`1`/`13,13
16`1`0`15`2`1`/`14,14
17`1`0`16`2`1`/`15,15
18`1`0`17`2`1`/`16,16
19`1`0`18`2`1`/`17,17
20`1`0`19`2`1`/`18,18
21`1`0`20`2`1`/`19,19
22`1`0`21`2`1`/`20,20
23`1`0`22`2`1`/`21,21
24`1`0`23`2`1`/`22,22
25`1`0`24`2`1`/`23,23
26`1`0`25`2`1`/`24,24
27`1`0`26`2`1`/`25,25
28`1`0`27`2`1`/`26,26
29`1`0`28`2`1`/`27,27
30`1`0`29`2`1`/`28,28
31`1`0`30`2`1`/`29,29
32`1`0`31`2`1`/`30,30
33`1`0`32`2`1`/`31,31
34`1`0`33`2`1`/`32,32
35`1`0`34`2`1`/`33,33
36`1`0`35`2`1`/`34,34
37`1`0`36`2`1`/`35,35
38`1`0`37`2`1`/`36,36
39`1`0`38`2`1`/`37,37
40`1`0`39`2`1`/`38,38
41`1`0`40`2`1`/`39,39
42`1`0`41`2`1`/`40,40
43`1`0`42`2`1`/`41,41
44`1`0`43`2`1`/`42,42
45`1`0`44`2`1`/`43,43
46`1`0`45`2`1`/`44,44
47`1`0`46`2`1`/`45,45
48`1`0`47`2`1`/`46,46
49`1`0`48`2`1`/`47,47
50`1`0`49`2`1`/`48,48
51`1`0`50`2`1`/`49,49
52`1`0`51`2`1`/`50,50
53`1`0`52`2`1`/`51,51
54`1`0`53`2`1`/`52,52
55`1`0`54`2`1`/`53,53
56`1`0`55`2`1`/`54,54
57`1`0`56`2`1`/`55,55
58`1`0`57`2`1`/`56,56
59`1`0`58`2`1`/`57,57
60`1`0`59`2`1`/`58,58
61`1`0`60`2`1`/`59,59
62`1`0`61`2`1`/`60,60
63`1`0`62`2`1`/`61,61
64`1`0`63`2`1`/`62,62
65`1`0`64`2`1`/`63,63
66`1`0`65`2`1`/`64,64
67`1`0`66`2`1`/`65,65
68`1`0`67`2`1`/`66,66
69`1`0`68`2`1`/`67,67
70`1`0`69`2`1`/`68,68
71`1`0`70`2`1`/`69,69
72`1`0`71`2`1`/`70,70
73`1`0`72`2`1`/`71,71
74`1`0`73`2`1`/`72,72
75`1`0`74`2`1`/`73,73
76`1`0`75`2`1`/`74,74
77`1`0`76`2`1`/`75,75
78`1`0`77`2`1`/`76,76
79`1`0`78`2`1`/`77,77
80`1`0`79`2`1`/`78,78
81`1`0`80`2`1`/`79,79
82`1`0`81`2`1`/`80,80
83`1`0`82`2`1`/`81,81
84`1`0`83`2`1`/`82,82
85`1`0`84`2`1`/`83,83
86`1`0`85`2`1`/`84,84
87`1`0`86`2`1`/`85,85
88`1`0`87`2`1`/`86,86
89`1`0`88`2`1`/`87,87
90`1`0`89`2`1`/`88,88
91`1`0`90`2`1`/`89,89
92`1`0`91`2`1`/`90,90
93`1`0`92`2`1`/`91,91
94`1`0`93`2`1`/`92,92
95`1`0`94`2`1`/`93,93
96`1`0`95`2`1`/`94,94
97`1`0`96`2`1`/`95,95
98`1`0`97`2`1`/`96,96
99`1`0`98`2`1`/`97,97
100`1`0`99`2`1`/`98,98
101`1`0`100`2`1`/`99,99
102`1`0`101`2`1`/`100,100
103`1`0`102`2`1`/`101,101
104`1`0`103`2`1`/`102,102
105`1`0`104`2`1`/`103,103
106`1`0`105`2`1`/`104,104
107`1`0`106`2`1`/`105,105
108`1`0`107`2`1`/`106,106
109`1`0`108`2`1`/`107,107
110`1`0`109`2`1`/`108,108
111`1`0`110`2`1`/`109,109
112`1`0`111`2`1`/`110,110
113`1`0`112`2`1`/`111,111
114`1`0`113`2`1`/`112,112
115`1`0`114`2`1`/`113,113
116`1`0`115`2`1`/`114,114
117`1`0`116`2`1`/`115,115
118`1`0`117`2`1`/`116,116
119`1`0`118`2`1`/`117,117
120`1`0`119`2`1`/`118,118
121`1`0`120`2`1`/`119,119
122`1`0`121`2`1`/`120,120
123`1`0`122`2`1`/`121,121
124`1`0`123`2`1`/`122,122
125`1`0`124`2`1`/`123,123
126`1`0`125`2`1`/`124,124
127`1`0`126`2`1`/`125,125
128`1`0`127`2`1`/`126,126
129`1`0`128`2`1`/`127,127
130`1`0`129`2`1`/`128,128
131`1`0`130`2`1`/`129,129
132`1`0`131`2`1`/`130,130
133`1`0`132`2`1`/`131,131
134`1`0`133`2`1`/`132,132
135`1`0`134`2`1`/`133,133
136`1`0`135`2`1`/`134,134
137`1`0`136`2`1`/`135,135
138`1`0`137`2`1`/`136,136
139`1`0`138`2`1`/`137,137
140`1`0`139`2`1`/`138,138
141`1`0`140`2`1`/`139,139
142`1`0`141`2`1`/`140,140
143`1`0`142`2`1`/`141,141
144`1`0`143`2`1`/`142,142
145`1`0`144`2`1`/`143,143
146`1`0`145`2`1`/`144,144
147`1`0`146`2`1`/`145,145
148`1`0`147`2`1`/`146,146
149`1`0`148`2`1`/`147,147
150`1`0`149`2`1`/`148,148
151`1`0`150`2`1`/`149,149
152`1`0`151`2`1`/`150,150
153`1`0`152`2`1`/`151,151
154`1`0`153`2`1`/`152,152
155`1`0`154`2`1`/`153,153
156`1`0`155`2`1`/`154,154
157`1`0`156`2`1`/`155,155
158`1`0`157`2`1`/`156,156
159`1`0`158`2`1`/`157,157
160`1`0`159`2`1`/`158,158
161`1`0`160`2`1`/`159,159
162`1`0`161`2`1`/`160,160
163`1`0`162`2`1`/`161,161
164`1`0`163`2`1`/`162,162
165`1`0`164`2`1`/`163,163
166`1`0`165`2`1`/`164,164
167`1`0`166`2`1`/`165,165
168`1`0`167`2`1`/`166,166
169`1`0`168`2`1`/`167,167
170`1`0`169`2`1`/`168,168
171`1`0`170`2`1`/`169,169
172`1`0`171`2`1`/`170,170
173`1`0`172`2`1`/`171,171
174`1`0`173`2`1`/`172,172
175`1`0`174`2`1`/`173,173
176`1`0`175`2`1`/`174,174
177`1`0`176`2`1`/`175,175
178`1`0`177`2`1`/`176,176
179`1`0`178`2`1`/`177,177
180`1`0`179`2`1`/`178,178
181`1`0`180`2`1`/`179,179
182`1`0`181`2`1`/`180,180
183`1`0`182`2`1`/`181,181
184`1`0`183`2`1`/`182,182
185`1`0`184`2`1`/`183,183
186`1`0`185`2`1`/`184,184
187`1`0`186`2`1`/`185,185
188`1`0`187`2`1`/`186,186
189`1`0`188`2`1`/`187,187
190`1`0`189`2`1`/`188,188
191`1`0`190`2`1`/`189,189
192`1`0`191`2`1`/`190,190
193`1`0`192`2`1`/`191,191
194`1`0`193`2`1`/`192,192
195`1`0`194`2`1`/`193,193
196`1`0`195`2`1`/`194,194
197`1`0`196`2`1`/`195,195
198`1`0`197`2`1`/`196,196
199`1`0`198`2`1`/`197,197
200`1`0`199`2`1`/`198,198
201`1`0`200`2`1`/`199,199
202`1`0`201`2`1`/`200,200
203`1`0`202`2`1`/`201,201
204`1`0`203`2`1`/`202,202
205`1`0`204`2`1`/`203,203
206`1`0`205`2`1`/`204,204
207`1`0`206`2`1`/`205,205
208`1`0`207`2`1`/`206,206
209`1`0`208`2`1`/`207,207
210`1`0`209`2`1`/`208,208
211`1`0`210`2`1`/`209,209
212`1`0`211`2`1`/`210,210
213`1`0`212`2`1`/`211,211
214`1`0`213`2`1`/`212,212
215`1`0`214`2`1`/`213,213
216`1`0`215`2`1`/`214,214
217`1`0`216`2`1`/`215,215
218`1`0`217`2`1`/`216,216
219`1`0`218`2`1`/`217,217
220`1`0`219`2`1`/`218,218
221`1`0`220`2`1`/`219,219
222`1`0`221`2`1`/`220,220
223`1`0`222`2`1`/`221,221
224`1`0`223`2`1`/`222,222
225`1`0`224`2`1`/`223,223
226`1`0`225`2`1`/`224,224
227`1`0`226`2`1`/`225,225
228`1`0`227`2`1`/`226,226
229`1`0`228`2`1`/`227,227
230`1`0`229`2`1`/`228,228
231`1`0`230`2`1`/`229,229
232`1`0`231`2`1`/`230,230
233`1`0`232`2`1`/`231,231
234`1`0`233`2`1`/`232,232
235`1`0`234`2`1`/`233,233
236`1`0`235`2`1`/`234,234
237`1`0`236`2`1`/`235,235
238`1`0`237`2`1`/`236,236
239`1`0`238`2`1`/`237,237
240`1`0`239`2`1`/`238,238
241`1`0`240`2`1`/`239,239
242`1`0`241`2`1`/`240,240
243`1`0`242`2`1`/`241,241
244`1`0`243`2`1`/`242,242
245`1`0`244`2`1`/`243,243
246`1`0`245`2`1`/`244,244
247`1`0`246`2`1`/`245,245
248`1`0`247`2`1`/`246,246
249`1`0`248`2`1`/`247,247
250`1`0`249`2`1`/`248,248
251`1`0`250`2`1`/`249,249
252`1`0`251`2`1`/`250,250
253`1`0`252`2`1`/`251,251
254`1`0`253`2`1`/`252,252
255`1`0`254`2`1`/`253,253
256`1`0`255`2`1`/`254,254
257`1`0`256`2`1`/`255,255
258`1`0`257`2`1`/`256,256
259`1`0`258`2`1`/`257,257
260`1`0`259`2`1`/`258,258
261`1`0`260`2`1`/`259,259
262`1`0`261`2`1`/`260,260
263`1`0`262`2`1`/`261,261
264`1`0`263`2`1`/`262,262
265`1`0`264`2`1`/`263,263
266`1`0`265`2`1`/`264,264
267`1`0`266`2`1`/`265,265
268`1`0`267`2`1`/`266,266
269`1`0`268`2`1`/`267,267
270`1`0`269`2`1`/`268,268
271`1`0`270`2`1`/`269,269
272`1`0`271`2`1`/`270,270
273`1`0`272`2`1`/`271,271
274`1`0`273`2`1`/`272,272
275`1`0`274`2`1`/`273,273
276`1`0`275`2`1`/`274,274
277`1`0`276`2`1`/`275,275
278`1`0`277`2`1`/`276,276
279`1`0`278`2`1`/`277,277
280`1`0`279`2`1`/`278,278
281`1`0`280`2`1`/`279,279
282`1`0`281`2`1`/`280,280
283`1`0`282`2`1`/`281,281
284`1`0`283`2`1`/`282,282
285`1`0`284`2`1`/`283,283
286`1`0`285`2`1`/`284,284
287`1`0`286`2`1`/`285,285
288`1`0`287`2`1`/`286,286
289`1`0`288`2`1`/`287,287
290`1`0`289`2`1`/`288,288
291`1`0`290`2`1`/`289,289
292`1`0`291`2`1`/`290,290
293`1`0`292`2`1`/`291,291
294`1`0`293`2`1`/`292,292
295`1`0`294`2`1`/`293,293
296`1`0`295`2`1`/`294,294
297`1`0`296`2`1`/`295,295
298`1`0`297`2`1`/`296,296
299`1`0`298`2`1`/`297,297
300`1`0`299`2`1`/`298,298
301`1`0`300`2`1`/`299,299
302`1`0`301`2`1`/`300,300
303`1`0`302`2`1`/`301,301
304`1`0`303`2`1`/`302,302
305`1`0`304`2`1`/`303,303
306`1`0`305`2`1`/`304,304
307`1`0`306`2`1`/`305,305
308`1`0`307`2`1`/`306,306
309`1`0`308`2`1`/`307,307
310`1`0`309`2`1`/`308,308
311`1`0`310`2`1`/`309,309
312`1`0`311`2`1`/`310,310
313`1`0`312`2`1`/`311,311
314`1`0`313`2`1`/`312,312
315`1`0`314`2`1`/`313,313
316`1`0`315`2`1`/`314,314
317`1`0`316`2`1`/`315,315
318`1`0`317`2`1`/`316,316
319`1`0`318`2`1`/`317,317
320`1`0`319`2`1`/`318,318
321`1`0`320`2`1`/`319,319
322`1`0`321`2`1`/`320,320
323`1`0`322`2`1`/`321,321
324`1`0`323`2`1`/`322,322
325`1`0`324`2`1`/`323,323
326`1`0`325`2`1`/`324,324
327`1`0`326`2`1`/`325,325
328`1`0`327`2`1`/`326,326
329`1`0`328`2`1`/`327,327
330`1`0`329`2`1`/`328,328
331`1`0`330`2`1`/`329,329
332`1`0`331`2`1`/`330,330
333`1`0`332`2`1`/`331,331
334`1`0`333`2`1`/`332,332
335`1`0`334`2`1`/`333,333
336`1`0`335`2`1`/`334,334
337`1`0`336`2`1`/`335,335
338`1`0`337`2`1`/`336,336
339`1`0`338`2`1`/`337,337
340`1`0`339`2`1`/`338,338
341`1`0`340`2`1`/`339,339
342`1`0`341`2`1`/`340,340
343`1`0`342`2`1`/`341,341
344`1`0`343`2`1`/`342,342
345`1`0`344`2`1`/`343,343
346`1`0`345`2`1`/`344,344
347`1`0`346`2`1`/`345,345
348`1`0`347`2`1`/`346,346
349`1`0`348`2`1`/`347,347
350`1`0`349`2`1`/`348,348
351`1`0`350`2`1`/`349,349
352`1`0`351`2`1`/`350,350
353`1`0`352`2`1`/`351,351
354`1`0`353`2`1`/`352,352
355`1`0`354`2`1`/`353,353
356`1`0`355`2`1`/`354,354
357`1`0`356`2`1`/`355,355
358`1`0`357`2`1`/`356,356
359`1`0`358`2`1`/`357,357
360`1`0`359`2`1`/`358,358
361`1`0`360`2`1`/`359,359
362`1`0`361`2`1`/`360,360
363`1`0`362`2`1`/`361,361
364`1`0`363`2`1`/`362,362
365`1`0`364`2`1`/`363,363
366`1`0`365`2`1`/`364,364
367`1`0`366`2`1`/`365,365
368`1`0`367`2`1`/`366,366
369`1`0`368`2`1`/`367,367
370`1`0`369`2`1`/`368,368
371`1`0`370`2`1`/`369,369
372`1`0`371`2`1`/`370,370
373`1`0`372`2`1`/`371,371
374`1`0`373`2`1`/`372,372
375`1`0`374`2`1`/`373,373
376`1`0`375`2`1`/`374,374
377`1`0`376`2`1`/`375,375
378`1`0`377`2`1`/`376,376
379`1`0`378`2`1`/`377,377
380`1`0`379`2`1`/`378,378
381`1`0`380`2`1`/`379,379
382`1`0`381`2`1`/`380,380
383`1`0`382`2`1`/`381,381
384`1`0`383`2`1`/`382,382
385`1`0`384`2`1`/`383,383
386`1`0`385`2`1`/`384,384
387`1`0`386`2`1`/`385,385
388`1`0`387`2`1`/`386,386
389`1`0`388`2`1`/`387,387
390`1`0`389`2`1`/`388,388
391`1`0`390`2`1`/`389,389
392`1`0`391`2`1`/`390,390
393`1`0`392`2`1`/`391,391
394`1`0`511`2`1`/`1118,1118
395`1`0`656`2`1`/`536,536
396`1`0`792`2`1`/`1254,1254
397`1`0`1012`2`1`/`1255,1255
398`1`0`1231`2`1`/`974,974
399`1`0`1232`2`1`/`1256,1256
400`1`0`1258`2`1`/`1257,1257
401`1`0`1259`2`1`/`1258,1258
402`1`0`1260`2`1`/`1259,1259
403`1`0`1261`2`1`/`1260,1260
404`1`0`1262`2`1`/`1261,1261
405`1`0`1263`2`1`/`1262,1262
406`1`0`1264`2`1`/`1263,1263
407`1`0`1265`2`1`/`1264,1264
408`1`0`1266`2`1`/`1265,1265
409`1`0`1267`2`1`/`1266,1266
410`1`0`1268`2`1`/`1267,1267
411`1`0`1269`2`1`/`1268,1268
412`1`0`1270`2`1`/`1269,1269
413`1`0`1271`2`1`/`1270,1270
414`1`0`1272`2`1`/`1271,1271
415`1`0`1273`2`1`/`1272,1272
416`1`0`1274`2`1`/`1273,1273
417`1`0`1275`2`1`/`1274,1274
418`1`0`1276`2`1`/`1275,1275
419`1`0`1277`2`1`/`1276,1276
420`1`0`1278`2`1`/`1277,1277
421`1`0`1279`2`1`/`1278,1278
422`1`0`1280`2`1`/`1279,1279
423`1`0`1281`2`1`/`1280,1280
424`1`0`1282`2`1`/`1281,1281
425`1`0`1283`2`1`/`1282,1282
426`1`0`1284`2`1`/`1283,1283
427`1`0`1285`2`1`/`1284,1284
428`1`0`1286`2`1`/`1285,1285
429`1`0`1287`2`1`/`1286,1286
430`1`0`1288`2`1`/`1287,1287
431`1`0`1289`2`1`/`1288,1288
432`1`0`1290`2`1`/`1289,1289
433`1`0`1291`2`1`/`1290,1290
434`1`0`1292`2`1`/`1291,1291
435`1`0`1293`2`1`/`1292,1292
436`1`0`1294`2`1`/`1293,1293
437`1`0`1295`2`1`/`1294,1294
438`1`0`1296`2`1`/`1295,1295
439`1`0`1297`2`1`/`1296,1296
440`1`0`1298`2`1`/`1297,1297
441`1`0`1299`2`1`/`1298,1298
442`1`0`1300`2`1`/`1299,1299
443`1`0`1301`2`1`/`1300,1300
444`1`0`1302`2`1`/`1301,1301
445`1`0`1303`2`1`/`1302,1302
446`1`0`1304`2`1`/`1303,1303
447`1`0`1305`2`1`/`1304,1304
448`1`0`1306`2`1`/`1305,1305
449`1`0`1307`2`1`/`1306,1306
450`1`0`1308`2`1`/`1307,1307
451`1`0`1309`2`1`/`1308,1308
452`1`0`1310`2`1`/`1309,1309
453`1`0`1311`2`1`/`1310,1310
454`1`0`1312`2`1`/`1311,1311
455`1`0`1313`2`1`/`1312,1312
456`1`0`1314`2`1`/`1313,1313
457`1`0`1315`2`1`/`1314,1314
458`1`0`1316`2`1`/`1315,1315
459`1`0`1317`2`1`/`1316,1316
460`1`0`1318`2`1`/`1317,1317
461`1`0`1319`2`1`/`1318,1318
462`1`0`1320`2`1`/`1319,1319
463`1`0`1321`2`1`/`1320,1320
464`1`0`1322`2`1`/`1321,1321
465`1`0`1323`2`1`/`1322,1322
466`1`0`1324`2`1`/`1323,1323
467`1`0`1325`2`1`/`1324,1324
468`1`0`1326`2`1`/`1325,1325
469`1`0`1327`2`1`/`1326,1326
470`1`0`1328`2`1`/`1327,1327
471`1`0`1329`2`1`/`1328,1328
472`1`0`1330`2`1`/`1329,1329
473`1`0`1331`2`1`/`1330,1330
474`1`0`1332`2`1`/`1331,1331
475`1`0`1333`2`1`/`1332,1332
476`1`0`1334`2`1`/`1333,1333
477`1`0`1335`2`1`/`1334,1334
478`1`0`1336`2`1`/`1335,1335
479`1`0`1337`2`1`/`1336,1336
480`1`0`1338`2`1`/`1337,1337
481`1`0`1339`2`1`/`1338,1338
482`1`0`1340`2`1`/`1339,1339
483`1`0`1341`2`1`/`1340,1340
484`1`0`1342`2`1`/`1341,1341
485`1`0`1343`2`1`/`1342,1342
486`1`0`1344`2`1`/`1343,1343
487`1`0`1345`2`1`/`1344,1344
488`1`0`1346`2`1`/`1345,1345
489`1`0`1347`2`1`/`1346,1346
490`1`0`1348`2`1`/`1347,1347
491`1`0`1349`2`1`/`1348,1348
492`1`0`1350`2`1`/`1349,1349
493`1`0`1351`2`1`/`1350,1350
494`1`0`1352`2`1`/`1351,1351
495`1`0`1353`2`1`/`1352,1352
496`1`0`1354`2`1`/`1353,1353
497`1`0`1355`2`1`/`1354,1354
498`1`0`1356`2`1`/`1355,1355
499`1`0`1357`2`1`/`1356,1356
500`1`0`1358`2`1`/`1357,1357
501`1`0`1359`2`1`/`1358,1358
502`1`0`1360`2`1`/`1359,1359
503`1`0`1361`2`1`/`1360,1360
504`1`0`1362`2`1`/`1361,1361
505`1`0`1363`2`1`/`1362,1362
506`1`0`1364`2`1`/`1363,1363
507`1`0`1365`2`1`/`1364,1364
508`1`0`1366`2`1`/`1365,1365
509`1`0`1367`2`1`/`1366,1366
510`1`0`1368`2`1`/`1367,1367
511`1`0`1369`2`1`/`1368,1368
512`1`0`1370`2`1`/`1369,1369
513`1`0`1371`2`1`/`1370,1370
514`1`0`1372`2`1`/`1371,1371
515`1`0`1373`2`1`/`1372,1372
516`1`0`1374`2`1`/`1373,1373
517`1`0`1375`2`1`/`1374,1374
518`1`0`1376`2`1`/`1375,1375
519`1`0`1377`2`1`/`1376,1376
520`1`0`1378`2`1`/`1377,1377
521`1`0`1379`2`1`/`1378,1378
522`1`0`1380`2`1`/`1379,1379
523`1`0`1381`2`1`/`1380,1380
524`1`0`1382`2`1`/`1381,1381
525`1`0`1383`2`1`/`1382,1382
526`1`0`1384`2`1`/`1383,1383
527`1`0`1385`2`1`/`1384,1384
528`1`0`1386`2`1`/`1385,1385
529`1`0`1387`2`1`/`1386,1386
530`1`0`1388`2`1`/`1387,1387
531`1`0`1389`2`1`/`1388,1388
532`1`0`1390`2`1`/`1389,1389
533`1`0`1391`2`1`/`1390,1390
534`1`0`1392`2`1`/`1391,1391
535`1`0`1393`2`1`/`1392,1392
536`1`0`1394`2`1`/`1393,1393
537`1`0`1395`2`1`/`1394,1394
538`1`0`1396`2`1`/`1395,1395
539`1`0`1397`2`1`/`1396,1396
540`1`0`1398`2`1`/`1397,1397
541`1`0`1399`2`1`/`1398,1398
542`1`0`1400`2`1`/`1399,1399
543`1`0`1401`2`1`/`1400,1400
544`1`0`1402`2`1`/`1401,1401
545`1`0`1403`2`1`/`1402,1402
546`1`0`1404`2`1`/`1403,1403
547`1`0`1405`2`1`/`1404,1404
548`1`0`1406`2`1`/`1405,1405
549`1`0`1407`2`1`/`1406,1406
550`1`0`1408`2`1`/`1407,1407
551`1`0`1409`2`1`/`1408,1408
552`1`0`1410`2`1`/`1409,1409
553`1`0`1411`2`1`/`1410,1410
554`1`0`1412`2`1`/`1411,1411
555`1`0`1413`2`1`/`1412,1412
556`1`0`1414`2`1`/`1413,1413
557`1`0`1415`2`1`/`1414,1414
558`1`0`1416`2`1`/`1415,1415
559`1`0`1417`2`1`/`1416,1416
560`1`0`1418`2`1`/`1417,1417
561`1`0`1419`2`1`/`1418,1418
562`1`0`1420`2`1`/`1419,1419
563`1`0`1421`2`1`/`1420,1420
564`1`0`1422`2`1`/`1421,1421
565`1`0`1423`2`1`/`1422,1422
566`1`0`1424`2`1`/`1423,1423
567`1`0`1425`2`1`/`1424,1424
568`1`0`1426`2`1`/`1425,1425
569`1`0`1427`2`1`/`1426,1426
570`1`0`1428`2`1`/`1427,1427
571`1`0`1429`2`1`/`1428,1428
572`1`0`1430`2`1`/`1429,1429
573`1`0`1431`2`1`/`1430,1430
574`1`0`1432`2`1`/`1431,1431
575`1`0`1433`2`1`/`1432,1432
576`1`0`1434`2`1`/`1433,1433
577`1`0`1435`2`1`/`1434,1434
578`1`0`1436`2`1`/`1435,1435
579`1`0`1437`2`1`/`1436,1436
580`1`0`1438`2`1`/`1437,1437
581`1`0`1439`2`1`/`1438,1438
582`1`0`1440`2`1`/`1439,1439
583`1`0`1441`2`1`/`1440,1440
584`1`0`1442`2`1`/`1441,1441
585`1`0`1443`2`1`/`1442,1442
586`1`0`1444`2`1`/`1443,1443
587`1`0`1445`2`1`/`1444,1444
588`1`0`1446`2`1`/`1445,1445
589`1`0`1447`2`1`/`1446,1446
590`1`0`1448`2`1`/`1447,1447
591`1`0`1449`2`1`/`1448,1448
592`1`0`1450`2`1`/`1449,1449
593`1`0`1451`2`1`/`1450,1450
594`1`0`1452`2`1`/`1451,1451
595`1`0`1453`2`1`/`1452,1452
596`1`0`1454`2`1`/`1453,1453
597`1`0`1455`2`1`/`1454,1454
598`1`0`1456`2`1`/`1455,1455
599`1`0`1457`2`1`/`1456,1456
600`1`0`1458`2`1`/`1457,1457
601`1`0`1459`2`1`/`1458,1458
602`1`0`1460`2`1`/`1459,1459
603`1`0`1461`2`1`/`1460,1460
604`1`0`1462`2`1`/`1461,1461
605`1`0`1463`2`1`/`1462,1462
606`1`0`1464`2`1`/`1463,1463
607`1`0`1465`2`1`/`1464,1464
608`1`0`1466`2`1`/`1465,1465
609`1`0`1467`2`1`/`1466,1466
610`1`0`1468`2`1`/`1467,1467
611`1`0`1469`2`1`/`1468,1468
612`1`0`1470`2`1`/`1469,1469
613`1`0`1471`2`1`/`1470,1470
614`1`0`1472`2`1`/`1471,1471
615`1`0`1473`2`1`/`1472,1472
616`1`0`1474`2`1`/`1473,1473
617`1`0`1475`2`1`/`1474,1474
618`1`0`1476`2`1`/`1475,1475
619`1`0`1477`2`1`/`1476,1476
620`1`0`1478`2`1`/`1477,1477
621`1`0`1479`2`1`/`1478,1478
622`1`0`1480`2`1`/`1479,1479
623`1`0`1481`2`1`/`1480,1480
624`1`0`1482`2`1`/`1481,1481
625`1`0`1483`2`1`/`1482,1482
626`1`0`1484`2`1`/`1483,1483
627`1`0`1485`2`1`/`1484,1484
628`1`0`1486`2`1`/`1485,1485
629`1`0`1487`2`1`/`1486,1486
630`1`0`1488`2`1`/`1487,1487
631`1`0`1489`2`1`/`1488,1488
632`1`0`1490`2`1`/`1489,1489
633`1`0`1491`2`1`/`1490,1490
634`1`0`1492`2`1`/`1491,1491
635`1`0`1493`2`1`/`1492,1492
636`1`0`1494`2`1`/`1493,1493
637`1`0`1495`2`1`/`1494,1494
638`1`0`1496`2`1`/`1495,1495
639`1`0`1497`2`1`/`1496,1496
640`1`0`1498`2`1`/`1497,1497
641`1`0`1499`2`1`/`1498,1498
642`1`0`1500`2`1`/`1499,1499
643`1`0`1501`2`1`/`1500,1500
644`1`0`1502`2`1`/`1501,1501
645`1`0`1503`2`1`/`1502,1502
646`1`0`1504`2`1`/`1503,1503
647`1`0`1505`2`1`/`1504,1504
648`1`0`1506`2`1`/`1505,1505
649`1`0`1507`2`1`/`1506,1506
650`1`0`1508`2`1`/`1507,1507
651`1`0`1509`2`1`/`1508,1508
652`1`0`1510`2`1`/`1509,1509
653`1`0`1511`2`1`/`1510,1510
654`1`0`1512`2`1`/`1511,1511
655`1`0`1513`2`1`/`1512,1512
656`1`0`1514`2`1`/`1513,1513
657`1`0`1515`2`1`/`1514,1514
658`1`0`1516`2`1`/`1515,1515
659`1`0`1517`2`1`/`1516,1516
660`1`0`1518`2`1`/`1517,1517
661`1`0`1519`2`1`/`1518,1518
662`1`0`1520`2`1`/`1519,1519
663`1`0`1521`2`1`/`1520,1520
664`1`0`1522`2`1`/`1521,1521
665`1`0`1523`2`1`/`1522,1522
666`1`0`1524`2`1`/`1523,1523
667`1`0`1525`2`1`/`1524,1524
668`1`0`1526`2`1`/`1525,1525
669`1`0`1527`2`1`/`1526,1526
670`1`0`1528`2`1`/`1527,1527
671`1`0`1529`2`1`/`1528,1528
672`1`0`1530`2`1`/`1529,1529
673`1`0`1531`2`1`/`1530,1530
674`1`0`1532`2`1`/`1531,1531
675`1`0`1533`2`1`/`1532,1532
676`1`0`1534`2`1`/`1533,1533
677`1`0`1535`2`1`/`1534,1534
678`1`0`1536`2`1`/`1535,1535
679`1`0`1537`2`1`/`1536,1536
680`1`0`1538`2`1`/`1537,1537
681`1`0`1539`2`1`/`1538,1538
682`1`0`1540`2`1`/`1539,1539
683`1`0`1541`2`1`/`1540,1540
684`1`0`1542`2`1`/`1541,1541
685`1`0`1543`2`1`/`1542,1542
686`1`0`1544`2`1`/`1543,1543
687`1`0`1545`2`1`/`1544,1544
688`1`0`1546`2`1`/`1545,1545
689`1`0`1547`2`1`/`1546,1546
690`1`0`1548`2`1`/`1547,1547
691`1`0`1549`2`1`/`1548,1548
692`1`0`1550`2`1`/`1549,1549
693`1`0`1551`2`1`/`1550,1550
694`1`0`1552`2`1`/`1551,1551
695`1`0`1553`2`1`/`1552,1552
696`1`0`1554`2`1`/`1553,1553
697`1`0`1555`2`1`/`1554,1554
698`1`0`1556`2`1`/`1555,1555
699`1`0`1557`2`1`/`1556,1556
700`1`0`1558`2`1`/`1557,1557
701`1`0`1559`2`1`/`1558,1558
702`1`0`1560`2`1`/`1559,1559
703`1`0`1561`2`1`/`1560,1560
704`1`0`1562`2`1`/`1561,1561
705`1`0`1563`2`1`/`1562,1562
706`1`0`1564`2`1`/`1563,1563
707`1`0`1565`2`1`/`1564,1564
708`1`0`1566`2`1`/`1565,1565
709`1`0`1567`2`1`/`1566,1566
710`1`0`1568`2`1`/`1567,1567
711`1`0`1569`2`1`/`1568,1568
712`1`0`1570`2`1`/`1569,1569
713`1`0`1571`2`1`/`1570,1570
714`1`0`1572`2`1`/`1571,1571
715`1`0`1573`2`1`/`1572,1572
716`1`0`1574`2`1`/`1573,1573
717`1`0`1575`2`1`/`1574,1574
718`1`0`1576`2`1`/`1575,1575
719`1`0`1577`2`1`/`1576,1576
720`1`0`1578`2`1`/`1577,1577
721`1`0`1579`2`1`/`1578,1578
722`1`0`1580`2`1`/`1579,1579
723`1`0`1581`2`1`/`1580,1580
724`1`0`1582`2`1`/`1581,1581
725`1`0`1583`2`1`/`1582,1582
726`1`0`1584`2`1`/`1583,1583
727`1`0`1585`2`1`/`1584,1584
728`1`0`1586`2`1`/`1585,1585
729`1`0`1587`2`1`/`1586,1586
730`1`0`1588`2`1`/`1587,1587
731`1`0`1589`2`1`/`1588,1588
732`1`0`1590`2`1`/`1589,1589
733`1`0`1591`2`1`/`1590,1590
734`1`0`1592`2`1`/`1591,1591
735`1`0`1593`2`1`/`1592,1592
736`1`0`1594`2`1`/`1593,1593
737`1`0`1595`2`1`/`1594,1594
738`1`0`1596`2`1`/`1595,1595
739`1`0`1597`2`1`/`1596,1596
740`1`0`1598`2`1`/`1597,1597
741`1`0`1599`2`1`/`1598,1598
742`1`0`1600`2`1`/`1599,1599
743`1`0`1601`2`1`/`1600,1600
744`1`0`1602`2`1`/`1601,1601
745`1`0`1603`2`1`/`1602,1602
746`1`0`1604`2`1`/`1603,1603
747`1`0`1605`2`1`/`1604,1604
748`1`0`1606`2`1`/`1605,1605
749`1`0`1607`2`1`/`1606,1606
750`1`0`1608`2`1`/`1607,1607
751`1`0`1609`2`1`/`1608,1608
752`1`0`1610`2`1`/`1609,1609
753`1`0`1611`2`1`/`1610,1610
754`1`0`1612`2`1`/`1611,1611
755`1`0`1613`2`1`/`1612,1612
756`1`0`1614`2`1`/`1613,1613
757`1`0`1615`2`1`/`1614,1614
758`1`0`1616`2`1`/`1615,1615
759`1`0`1617`2`1`/`1616,1616
760`1`0`1618`2`1`/`1617,1617
761`1`0`1619`2`1`/`1618,1618
762`1`0`1620`2`1`/`1619,1619
763`1`0`1621`2`1`/`1620,1620
764`1`0`1622`2`1`/`1621,1621
765`1`0`1623`2`1`/`1622,1622
766`1`0`1624`2`1`/`1623,1623
767`1`0`1625`2`1`/`1624,1624
768`1`0`1626`2`1`/`1625,1625
769`1`0`1627`2`1`/`1626,1626
770`1`0`1628`2`1`/`1627,1627
771`1`0`1629`2`1`/`1628,1628
772`1`0`1630`2`1`/`1629,1629
773`1`0`1631`2`1`/`1630,1630
774`1`0`1632`2`1`/`1631,1631
775`1`0`1633`2`1`/`1632,1632
776`1`0`1634`2`1`/`1633,1633
777`1`0`1635`2`1`/`1634,1634
778`1`0`1636`2`1`/`1635,1635
779`1`0`1637`2`1`/`1636,1636
780`1`0`1638`2`1`/`1637,1637
781`1`0`1639`2`1`/`1638,1638
782`1`0`1640`2`1`/`1639,1639
783`1`0`1641`2`1`/`1640,1640
784`1`0`1642`2`1`/`1641,1641
785`1`0`1643`2`1`/`1642,1642
786`1`0`1644`2`1`/`1643,1643
787`1`0`1645`2`1`/`1644,1644
788`1`0`1646`2`1`/`1645,1645
789`1`0`1647`2`1`/`1646,1646
790`1`0`1648`2`1`/`1647,1647
791`1`0`1649`2`1`/`1648,1648
792`1`0`1650`2`1`/`1649,1649
793`1`0`1651`2`1`/`1650,1650
794`1`0`1652`2`1`/`1651,1651
795`1`0`1653`2`1`/`1652,1652
796`1`0`1654`2`1`/`1653,1653
797`1`0`1655`2`1`/`1654,1654
798`1`0`1656`2`1`/`1655,1655
799`1`0`1657`2`1`/`1656,1656
800`1`0`1658`2`1`/`1657,1657
801`1`0`1659`2`1`/`1658,1658
802`1`0`1660`2`1`/`1659,1659
803`1`0`1661`2`1`/`1660,1660
804`1`0`1662`2`1`/`1661,1661
805`1`0`1663`2`1`/`1662,1662
806`1`0`1664`2`1`/`1663,1663
807`1`0`1665`2`1`/`1664,1664
808`1`0`1666`2`1`/`1665,1665
809`1`0`1667`2`1`/`1666,1666
810`1`0`1668`2`1`/`1667,1667
811`1`0`1669`2`1`/`1668,1668
812`1`0`1670`2`1`/`1669,1669
813`1`0`1671`2`1`/`1670,1670
814`1`0`1672`2`1`/`1671,1671
815`1`0`1673`2`1`/`1672,1672
816`1`0`1674`2`1`/`1673,1673
817`1`0`1675`2`1`/`1674,1674
818`1`0`1676`2`1`/`1675,1675
819`1`0`1677`2`1`/`1676,1676
820`1`0`1678`2`1`/`1677,1677
821`1`0`1679`2`1`/`1678,1678
822`1`0`1680`2`1`/`1679,1679
823`1`0`1681`2`1`/`1680,1680
824`1`0`1682`2`1`/`1681,1681
825`1`0`1683`2`1`/`1682,1682
826`1`0`1684`2`1`/`1683,1683
827`1`0`1685`2`1`/`1684,1684
828`1`0`1686`2`1`/`1685,1685
829`1`0`1687`2`1`/`1686,1686
830`1`0`1688`2`1`/`1687,1687
831`1`0`1689`2`1`/`1688,1688
832`1`0`1690`2`1`/`1689,1689
833`1`0`1691`2`1`/`1690,1690
834`1`0`1692`2`1`/`1691,1691
835`1`0`1693`2`1`/`1692,1692
836`1`0`1694`2`1`/`1693,1693
837`1`0`1695`2`1`/`1694,1694
838`1`0`1696`2`1`/`1695,1695
839`1`0`1697`2`1`/`1696,1696
840`1`0`1698`2`1`/`1697,1697
841`1`0`1699`2`1`/`1698,1698
842`1`0`1700`2`1`/`1699,1699
843`1`0`1701`2`1`/`1700,1700
844`1`0`1702`2`1`/`1701,1701
845`1`0`1703`2`1`/`1702,1702
846`1`0`1704`2`1`/`1703,1703
847`1`0`1705`2`1`/`1704,1704
848`1`0`1706`2`1`/`1705,1705
849`1`0`1707`2`1`/`1706,1706
850`1`0`1708`2`1`/`1707,1707
851`1`0`1709`2`1`/`1708,1708
852`1`0`1710`2`1`/`1709,1709
853`1`0`1711`2`1`/`1710,1710
854`1`0`1712`2`1`/`1711,1711
855`1`0`1713`2`1`/`1712,1712
856`1`0`1714`2`1`/`1713,1713
857`1`0`1715`2`1`/`1714,1714
858`1`0`1716`2`1`/`1715,1715
859`1`0`1717`2`1`/`1716,1716
860`1`0`1718`2`1`/`1717,1717
861`1`0`1719`2`1`/`1718,1718
862`1`0`1720`2`1`/`1719,1719
863`1`0`1721`2`1`/`1720,1720
864`1`0`1722`2`1`/`1721,1721
865`1`0`1723`2`1`/`1722,1722
866`1`0`1724`2`1`/`1723,1723
867`1`0`1725`2`1`/`1724,1724
868`1`0`1726`2`1`/`1725,1725
869`1`0`1727`2`1`/`1726,1726
870`1`0`1728`2`1`/`1727,1727
871`1`0`1729`2`1`/`1728,1728
872`1`0`1730`2`1`/`1729,1729
873`1`0`1731`2`1`/`1730,1730
874`1`0`1732`2`1`/`1731,1731
875`1`0`1733`2`1`/`1732,1732
876`1`0`1734`2`1`/`1733,1733
877`1`0`1735`2`1`/`1734,1734
878`1`0`1736`2`1`/`1735,1735
879`1`0`1737`2`1`/`1736,1736
880`1`0`1738`2`1`/`1737,1737
881`1`0`1739`2`1`/`1738,1738
882`1`0`1740`2`1`/`1739,1739
883`1`0`1741`2`1`/`1740,1740
884`1`0`1742`2`1`/`1741,1741
885`1`0`1743`2`1`/`1742,1742
886`1`0`1744`2`1`/`1743,1743
887`1`0`1745`2`1`/`1744,1744
888`1`0`1746`2`1`/`1745,1745
889`1`0`1747`2`1`/`1746,1746
890`1`0`1748`2`1`/`1747,1747
891`1`0`1749`2`1`/`1748,1748
892`1`0`1750`2`1`/`1749,1749
893`1`0`1751`2`1`/`1750,1750
894`1`0`1752`2`1`/`1751,1751
895`1`0`1753`2`1`/`1752,1752
896`1`0`1754`2`1`/`1753,1753
897`1`0`1755`2`1`/`1754,1754
898`1`0`1756`2`1`/`1755,1755
899`1`0`1757`2`1`/`1756,1756
900`1`0`1758`2`1`/`1757,1757
901`1`0`1759`2`1`/`1758,1758
902`1`0`1760`2`1`/`1759,1759
903`1`0`1761`2`1`/`1760,1760
904`1`0`1762`2`1`/`1761,1761
905`1`0`1763`2`1`/`1762,1762
906`1`0`1764`2`1`/`1763,1763
907`1`0`1765`2`1`/`1764,1764
908`1`0`1766`2`1`/`1765,1765
909`1`0`1767`2`1`/`1766,1766
910`1`0`1768`2`1`/`1767,1767
911`1`0`1769`2`1`/`1768,1768
912`1`0`1770`2`1`/`1769,1769
913`1`0`1771`2`1`/`1770,1770
914`1`0`1772`2`1`/`1771,1771
915`1`0`1773`2`1`/`1772,1772
916`1`0`1774`2`1`/`1773,1773
917`1`0`1775`2`1`/`1774,1774
918`1`0`1776`2`1`/`1775,1775
919`1`0`1777`2`1`/`1776,1776
920`1`0`1778`2`1`/`1777,1777
921`1`0`1779`2`1`/`1778,1778
922`1`0`1780`2`1`/`1779,1779
923`1`0`1781`2`1`/`1780,1780
924`1`0`1782`2`1`/`1781,1781
925`1`0`1783`2`1`/`1782,1782
926`1`0`1784`2`1`/`1783,1783
927`1`0`1785`2`1`/`1784,1784
928`1`0`1786`2`1`/`1785,1785
929`1`0`1787`2`1`/`1786,1786
930`1`0`1788`2`1`/`1787,1787
931`1`0`1789`2`1`/`1788,1788
932`1`0`1790`2`1`/`1789,1789
933`1`0`1791`2`1`/`1790,1790
934`1`0`1792`2`1`/`1791,1791
935`1`0`1793`2`1`/`1792,1792
936`1`0`1794`2`1`/`1793,1793
937`1`0`1795`2`1`/`1794,1794
938`1`0`1796`2`1`/`1795,1795
939`1`0`1797`2`1`/`1796,1796
940`1`0`1798`2`1`/`1797,1797
941`1`0`1799`2`1`/`1798,1798
942`1`0`1800`2`1`/`1799,1799
943`1`0`1801`2`1`/`1800,1800
944`1`0`1802`2`1`/`1801,1801
945`1`0`1803`2`1`/`1802,1802
946`1`0`1804`2`1`/`1803,1803
947`1`0`1805`2`1`/`1804,1804
948`1`0`1806`2`1`/`1805,1805
949`1`0`1807`2`1`/`1806,1806
950`1`0`1808`2`1`/`1807,1807
951`1`0`1809`2`1`/`1808,1808
952`1`0`1810`2`1`/`1809,1809
953`1`0`1811`2`1`/`1810,1810
954`1`0`1812`2`1`/`1811,1811
955`1`0`1813`2`1`/`1812,1812
956`1`0`1814`2`1`/`1813,1813
957`1`0`1815`2`1`/`1814,1814
958`1`0`1816`2`1`/`1815,1815
959`1`0`1817`2`1`/`1816,1816
960`1`0`1818`2`1`/`1817,1817
961`1`0`1819`2`1`/`1818,1818
962`1`0`1820`2`1`/`1819,1819
963`1`0`1821`2`1`/`1820,1820
964`1`0`1822`2`1`/`1821,1821
965`1`0`1823`2`1`/`1822,1822
966`1`0`1824`2`1`/`1823,1823
967`1`0`1825`2`1`/`1824,1824
968`1`0`1826`2`1`/`1825,1825
969`1`0`1827`2`1`/`1826,1826
970`1`0`1828`2`1`/`1827,1827
971`1`0`1829`2`1`/`1828,1828
972`1`0`1830`2`1`/`1829,1829
973`1`0`1831`2`1`/`1830,1830
974`1`0`1832`2`1`/`1831,1831
975`1`0`1833`2`1`/`1832,1832
976`1`0`1834`2`1`/`1833,1833
977`1`0`1835`2`1`/`1834,1834
978`1`0`1836`2`1`/`1835,1835
979`1`0`1837`2`1`/`1836,1836
980`1`0`1838`2`1`/`1837,1837
981`1`0`1839`2`1`/`1838,1838
982`1`0`1840`2`1`/`1839,1839
983`1`0`1841`2`1`/`1840,1840
984`1`0`1842`2`1`/`1841,1841
985`1`0`1843`2`1`/`1842,1842
986`1`0`1844`2`1`/`1843,1843
987`1`0`1845`2`1`/`1844,1844
988`1`0`1846`2`1`/`1845,1845
989`1`0`1847`2`1`/`1846,1846
990`1`0`1848`2`1`/`1847,1847
991`1`0`1849`2`1`/`1848,1848
992`1`0`1850`2`1`/`1849,1849
993`1`0`1851`2`1`/`1850,1850
994`1`0`1852`2`1`/`1851,1851
995`1`0`1853`2`1`/`1852,1852
996`1`0`1854`2`1`/`1853,1853
997`1`0`1855`2`1`/`1854,1854
998`1`0`1856`2`1`/`1855,1855
999`1`0`1857`2`1`/`1856,1856
1000`1`0`1858`2`1`/`1857,1857
1001`1`0`1859`2`1`/`1858,1858
1002`1`0`1860`2`1`/`1859,1859
1003`1`0`1861`2`1`/`1860,1860
1004`1`0`1862`2`1`/`1861,1861
1005`1`0`1863`2`1`/`1862,1862
1006`1`0`1864`2`1`/`1863,1863
1007`1`0`1865`2`1`/`1864,1864
1008`1`0`1866`2`1`/`1865,1865
1009`1`0`1867`2`1`/`1866,1866
1010`1`0`1868`2`1`/`1867,1867
1011`1`0`1869`2`1`/`1868,1868
1012`1`0`1870`2`1`/`1869,1869
1013`1`0`1871`2`1`/`1870,1870
1014`1`0`1872`2`1`/`1871,1871
1015`1`0`1873`2`1`/`1872,1872
1016`1`0`1874`2`1`/`1873,1873
1017`1`0`1875`2`1`/`1874,1874
1018`1`0`1876`2`1`/`1875,1875
1019`1`0`1877`2`1`/`1876,1876
1020`1`0`1878`2`1`/`1877,1877
1021`1`0`1879`2`1`/`1878,1878
1022`1`0`1880`2`1`/`1879,1879
1023`1`0`1881`2`1`/`1880,1880
1024`1`0`1882`2`1`/`1881,1881
1025`1`0`1883`2`1`/`1882,1882
1026`1`0`1884`2`1`/`1883,1883
1027`1`0`1885`2`1`/`1884,1884
1028`1`0`1886`2`1`/`1885,1885
1029`1`0`1887`2`1`/`1886,1886
1030`1`0`1888`2`1`/`1887,1887
1031`1`0`1889`2`1`/`1888,1888
1032`1`0`1890`2`1`/`1889,1889
1033`1`0`1891`2`1`/`1890,1890
1034`1`0`1892`2`1`/`1891,1891
1035`1`0`1893`2`1`/`1892,1892
1036`1`0`1894`2`1`/`1893,1893
1037`1`0`1895`2`1`/`1894,1894
1038`1`0`1896`2`1`/`1895,1895
1039`1`0`1897`2`1`/`1896,1896
1040`1`0`1898`2`1`/`1897,1897
1041`1`0`1899`2`1`/`1898,1898
1042`1`0`1900`2`1`/`1899,1899
1043`1`0`1901`2`1`/`1900,1900
1044`1`0`1902`2`1`/`1901,1901
1045`1`0`1903`2`1`/`1902,1902
1046`1`0`1904`2`1`/`1903,1903
1047`1`0`1905`2`1`/`1904,1904
1048`1`0`1906`2`1`/`1905,1905
1049`1`0`1907`2`1`/`1906,1906
1050`1`0`1908`2`1`/`1907,1907
1051`1`0`1909`2`1`/`1908,1908
1052`1`0`1910`2`1`/`1909,1909
1053`1`0`1911`2`2`/`1000,1000
1054`1`0`1912`2`2`/`1001,1001
1055`1`0`1913`2`2`/`1002,1002
1056`1`0`1914`2`2`/`1003,1003
1057`1`0`1965`2`2`/`1004,1004
1058`1`0`1966`2`2`/`1005,1005
1059`1`0`1967`2`2`/`1006,1006
1060`1`0`1968`2`2`/`1007,1007
1061`1`0`1969`2`2`/`1008,1008
1062`1`0`1970`2`2`/`1009,1009
1063`1`0`1971`2`2`/`1010,1010
1064`1`0`1972`2`2`/`1011,1011
1065`1`0`1973`2`2`/`1012,1012
1066`1`0`1974`2`2`/`1013,1013
1067`1`0`1975`2`2`/`1014,1014
1068`1`0`1976`2`2`/`1015,1015
1069`1`0`1977`2`2`/`1016,1016
1070`1`0`1978`2`2`/`1017,1017
1071`1`0`1979`2`2`/`1018,1018
1072`1`0`1980`2`2`/`1019,1019
1073`1`0`1981`2`2`/`1020,1020
1074`1`0`1982`2`2`/`1021,1021
1075`1`0`1983`2`2`/`1022,1022
1076`1`0`1984`2`2`/`1023,1023
1077`1`0`1985`2`2`/`1024,1024
1078`1`0`1986`2`2`/`1025,1025
1079`1`0`1987`2`2`/`1026,1026
1080`1`0`1988`2`2`/`1027,1027
1081`1`0`1989`2`2`/`1028,1028
1082`1`0`1990`2`2`/`1029,1029
1083`1`0`1991`2`2`/`1030,1030
1084`1`0`1992`2`2`/`1031,1031
1085`1`0`1993`2`2`/`1032,1032
1086`1`0`1994`2`2`/`1033,1033
1087`1`0`1995`2`2`/`1034,1034
1088`1`0`1996`2`2`/`1035,1035
1089`1`0`1997`2`2`/`1036,1036
1090`1`0`1998`2`2`/`1037,1037
1091`1`0`1999`2`2`/`1038,1038
1092`1`0`2000`2`2`/`1039,1039
1093`1`0`2001`2`2`/`1040,1040
1094`1`0`2002`2`2`/`1041,1041
1095`1`0`2003`2`2`/`1042,1042
1096`1`0`2004`2`2`/`1043,1043
1097`1`0`2005`2`2`/`1044,1044
1098`1`0`2006`2`2`/`1045,1045
1099`1`0`2007`2`2`/`1046,1046
1100`1`0`2008`2`2`/`1047,1047
1101`1`0`2009`2`2`/`1048,1048
1102`1`0`2010`2`2`/`1049,1049
1103`1`0`2011`2`1`/`1000,1000
1104`1`0`2012`2`1`/`1001,1001
1105`1`0`2013`2`1`/`1002,1002
1106`1`0`2014`2`1`/`1003,1003
1107`1`0`2015`2`1`/`1004,1004
1108`1`0`2216`2`1`/`1005,1005
1109`1`0`2217`2`1`/`1006,1006
1110`1`0`2218`2`1`/`1007,1007
1111`1`0`2219`2`1`/`1008,1008
1112`1`0`2220`2`1`/`1009,1009
1113`1`0`2221`2`1`/`1010,1010
1114`1`0`2222`2`1`/`1011,1011
1115`1`0`2223`2`1`/`1012,1012
1116`1`0`2224`2`1`/`1013,1013
1117`1`0`2225`2`1`/`1014,1014
1118`1`0`2226`2`1`/`1015,1015
1119`1`0`2227`2`1`/`1016,1016
1120`1`0`2228`2`1`/`1017,1017
1121`1`0`2229`2`1`/`1018,1018
1122`1`0`2230`2`1`/`1019,1019
1123`1`0`2231`2`1`/`1020,1020
1124`1`0`2232`2`1`/`1021,1021
1125`1`0`2233`2`1`/`1022,1022
1126`1`0`2234`2`1`/`1023,1023
1127`1`0`2235`2`1`/`1024,1024
1128`1`0`2236`2`1`/`1025,1025
1129`1`0`2237`2`1`/`1026,1026
1130`1`0`2238`2`1`/`1027,1027
1131`1`0`2239`2`1`/`1028,1028
1132`1`0`2240`2`1`/`1029,1029
1133`1`0`2241`2`1`/`1030,1030
1134`1`0`2242`2`1`/`1031,1031
1135`1`0`2243`2`1`/`1032,1032
1136`1`0`2244`2`1`/`1033,1033
1137`1`0`2245`2`1`/`1034,1034
1138`1`0`2246`2`1`/`1035,1035
1139`1`0`2247`2`1`/`1036,1036
1140`1`0`2248`2`1`/`1037,1037
1141`1`0`2249`2`1`/`1038,1038
1142`1`0`2250`2`1`/`1039,1039
1143`1`0`2251`2`1`/`1040,1040
1144`1`0`2252`2`1`/`1041,1041
1145`1`0`2253`2`1`/`1042,1042
1146`1`0`2254`2`1`/`1043,1043
1147`1`0`2255`2`1`/`1044,1044
1148`1`0`2256`2`1`/`1045,1045
1149`1`0`2257`2`1`/`1046,1046
1150`1`0`2258`2`1`/`1047,1047
1151`1`0`2259`2`1`/`1000,1000
1152`1`0`2260`2`1`/`1001,1001
1153`1`0`2261`2`1`/`1002,1002
1154`1`0`2262`2`1`/`1003,1003
1155`1`0`2263`2`1`/`1004,1004
1156`1`0`2264`2`1`/`1005,1005
1157`1`0`2267`2`1`/`1006,1006
1158`1`0`2269`2`1`/`1007,1007
1159`1`0`2270`2`1`/`1008,1008
1160`1`0`2272`2`1`/`1009,1009
1161`1`0`2273`2`1`/`1010,1010
1162`1`0`2275`2`1`/`1011,1011
1163`1`0`2277`2`1`/`1012,1012
1164`1`0`2278`2`1`/`1013,1013
1165`1`0`2279`2`1`/`1014,1014
1166`1`0`2280`2`1`/`1015,1015
1167`1`0`2282`2`1`/`1016,1016
1168`1`0`2283`2`1`/`1017,1017
1169`1`0`2285`2`1`/`1018,1018
1170`1`0`2286`2`1`/`1019,1019
1171`1`0`2288`2`1`/`1020,1020
1172`1`0`2289`2`1`/`1021,1021
1173`1`0`2291`2`1`/`1022,1022
1174`1`0`2292`2`1`/`1023,1023
1175`1`0`2294`2`1`/`1024,1024
1176`1`0`2296`2`1`/`1025,1025
1177`1`0`2297`2`1`/`1026,1026
1178`1`0`2299`2`1`/`1027,1027
1179`1`0`2300`2`1`/`1028,1028
1180`1`0`2302`2`1`/`1029,1029
1181`1`0`2303`2`1`/`1030,1030
1182`1`0`2305`2`1`/`1031,1031
1183`1`0`2307`2`1`/`1032,1032
1184`1`0`2308`2`1`/`1033,1033
1185`1`0`2309`2`1`/`1034,1034
1186`1`0`2311`2`1`/`1035,1035
1187`1`0`2312`2`1`/`1036,1036
1188`1`0`2314`2`1`/`1037,1037
1189`1`0`2315`2`1`/`1038,1038
1190`1`0`2317`2`1`/`1039,1039
1191`1`0`2318`2`1`/`1040,1040
1192`1`0`2319`2`1`/`1041,1041
1193`1`0`2320`2`1`/`1042,1042
1194`1`0`2322`2`1`/`1043,1043
1195`1`0`2323`2`1`/`1044,1044
1196`1`0`2325`2`1`/`1045,1045
1197`1`0`2326`2`1`/`1046,1046
1198`1`0`2327`2`1`/`1047,1047
1199`1`0`2329`2`1`/`1048,1048
1200`1`0`2330`2`1`/`1049,1049
1201`1`0`2332`2`1`/`1050,1050
1202`1`0`2333`2`1`/`1051,1051
1203`1`0`2335`2`1`/`1052,1052
1204`1`0`2337`2`1`/`1053,1053
1205`1`0`2338`2`1`/`1054,1054
1206`1`0`2340`2`1`/`1055,1055
1207`1`0`2341`2`1`/`1056,1056
1208`1`0`2342`2`1`/`1057,1057
1209`1`0`2344`2`1`/`1058,1058
1210`1`0`2345`2`1`/`1059,1059
1211`1`0`2347`2`1`/`1060,1060
1212`1`0`2348`2`1`/`1061,1061
1213`1`0`2349`2`1`/`1062,1062
1214`1`0`2351`2`1`/`1063,1063
1215`1`0`2352`2`1`/`1064,1064
1216`1`0`2354`2`1`/`1065,1065
1217`1`0`2355`2`1`/`1066,1066
1218`1`0`2356`2`1`/`1067,1067
1219`1`0`2358`2`1`/`1068,1068
1220`1`0`2360`2`1`/`1069,1069
1221`1`0`2361`2`1`/`1070,1070
1222`1`0`2362`2`1`/`1071,1071
1223`1`0`2364`2`1`/`1072,1072
1224`1`0`2365`2`1`/`1073,1073
1225`1`0`2366`2`1`/`1074,1074
1226`1`0`2367`2`1`/`1075,1075
1227`1`0`2369`2`1`/`1076,1076
1228`1`0`2370`2`1`/`1077,1077
1229`1`0`2373`2`1`/`1078,1078
1230`1`0`2375`2`1`/`1079,1079
1231`1`0`2376`2`1`/`1080,1080
1232`1`0`2378`2`1`/`1081,1081
1233`1`0`2380`2`1`/`1082,1082
1234`1`0`2381`2`1`/`1083,1083
1235`1`0`2383`2`1`/`1084,1084
1236`1`0`2384`2`1`/`1085,1085
1237`1`0`2385`2`1`/`1086,1086
1238`1`0`2387`2`1`/`1087,1087
1239`1`0`2388`2`1`/`1088,1088
1240`1`0`2390`2`1`/`1089,1089
1241`1`0`2391`2`1`/`1090,1090
1242`1`0`2392`2`1`/`1091,1091
1243`1`0`2394`2`1`/`1092,1092
1244`1`0`2395`2`1`/`1093,1093
1245`1`0`2397`2`1`/`1094,1094
1246`1`0`2398`2`1`/`1095,1095
1247`1`0`2400`2`1`/`1096,1096
1248`1`0`2401`2`1`/`1097,1097
1249`1`0`2403`2`1`/`1098,1098
1250`1`0`2404`2`1`/`1099,1099
1251`1`0`2406`2`1`/`1100,1100
1252`1`0`2407`2`1`/`1101,1101
1253`1`0`2409`2`1`/`1102,1102
1254`1`0`2410`2`1`/`1103,1103
1255`1`0`2411`2`1`/`1104,1104
1256`1`0`2413`2`1`/`1105,1105
1257`1`0`2415`2`1`/`1106,1106
1258`1`0`2416`2`1`/`1107,1107
1259`1`0`2418`2`1`/`1108,1108
1260`1`0`2419`2`1`/`1109,1109
1261`1`0`2421`2`1`/`1110,1110
1262`1`0`2422`2`1`/`1111,1111
1263`1`0`2424`2`1`/`1112,1112
1264`1`0`2425`2`1`/`1113,1113
1265`1`0`2426`2`1`/`1114,1114
1266`1`0`2427`2`1`/`1115,1115
1267`1`0`2428`2`1`/`53,53
1268`1`0`2430`2`1`/`54,54
1269`1`0`2431`2`1`/`55,55
1270`1`0`2432`2`1`/`56,56
1271`1`0`2433`2`1`/`57,57
1272`1`0`2435`2`1`/`58,58
1273`1`0`2437`2`1`/`59,59
1274`1`0`2438`2`1`/`60,60
1275`1`0`2439`2`1`/`61,61
1276`1`0`2441`2`1`/`62,62
1277`1`0`2442`2`1`/`63,63
1278`1`0`2443`2`1`/`64,64
1279`1`0`2445`2`1`/`65,65
1280`1`0`2446`2`1`/`66,66
1281`1`0`2448`2`1`/`67,67
1282`1`0`2450`2`1`/`68,68
1283`1`0`2452`2`1`/`69,69
1284`1`0`2453`2`1`/`70,70
1285`1`0`2455`2`1`/`71,71
1286`1`0`2457`2`1`/`72,72
1287`1`0`2458`2`1`/`73,73
1288`1`0`2459`2`1`/`74,74
1289`1`0`2461`2`1`/`75,75
1290`1`0`2462`2`1`/`76,76
1291`1`0`2464`2`1`/`77,77
1292`1`0`2465`2`1`/`78,78
1293`1`0`2467`2`1`/`79,79
1294`1`0`2468`2`1`/`80,80
1295`1`0`2470`2`1`/`81,81
1296`1`0`2471`2`1`/`82,82
1297`1`0`2473`2`1`/`83,83
1298`1`0`2474`2`1`/`84,84
1299`1`0`2475`2`1`/`85,85
1300`1`0`2476`2`1`/`1131,1131
1301`1`0`2478`2`1`/`1132,1132
1302`1`0`2479`2`1`/`1133,1133
1303`1`0`2481`2`1`/`1134,1134
1304`1`0`2482`2`1`/`1135,1135
1305`1`0`2483`2`1`/`1136,1136
1306`1`0`2486`2`1`/`1137,1137
1307`1`0`2487`2`1`/`1138,1138
1308`1`0`2488`2`1`/`1139,1139
1309`1`0`2490`2`1`/`1140,1140
1310`1`0`2491`2`1`/`1141,1141
1311`1`0`2492`2`1`/`1142,1142
1312`1`0`2494`2`1`/`1143,1143
1313`1`0`2496`2`1`/`1144,1144
1314`1`0`2497`2`1`/`1145,1145
1315`1`0`2499`2`1`/`1146,1146
1316`1`0`2500`2`1`/`1147,1147
1317`1`0`2501`2`1`/`1148,1148
1318`1`0`2502`2`1`/`1149,1149
1319`1`0`2504`2`1`/`1150,1150
1320`1`0`2505`2`1`/`1151,1151
1321`1`0`2507`2`1`/`1152,1152
1322`1`0`2508`2`1`/`1153,1153
1323`1`0`2509`2`1`/`1154,1154
1324`1`0`2510`2`1`/`1155,1155
1325`1`0`2511`2`1`/`1156,1156
1326`1`0`2513`2`1`/`1157,1157
1327`1`0`2516`2`1`/`1158,1158
1328`1`0`2517`2`1`/`1159,1159
1329`1`0`2518`2`1`/`1160,1160
1330`1`0`2520`2`1`/`1161,1161
1331`1`0`2521`2`1`/`1162,1162
1332`1`0`2522`2`1`/`1163,1163
1333`1`0`2523`2`1`/`1164,1164
1334`1`0`2525`2`1`/`1165,1165
1335`1`0`2526`2`1`/`1166,1166
1336`1`0`2527`2`1`/`1167,1167
1337`1`0`2528`2`1`/`1168,1168
1338`1`0`2529`2`1`/`1169,1169
1339`1`0`2531`2`1`/`1170,1170
1340`1`0`2532`2`1`/`1171,1171
1341`1`0`2533`2`1`/`1172,1172
1342`1`0`2535`2`1`/`1173,1173
1343`1`0`2536`2`1`/`1174,1174
1344`1`0`2538`2`1`/`1175,1175
1345`1`0`2540`2`1`/`1176,1176
1346`1`0`2541`2`1`/`1177,1177
1347`1`0`2543`2`1`/`1178,1178
1348`1`0`2545`2`1`/`1179,1179
1349`1`0`2546`2`1`/`1180,1180
1350`1`0`2547`2`1`/`1181,1181
1351`1`0`2549`2`1`/`1182,1182
1352`1`0`2550`2`1`/`1183,1183
1353`1`0`2551`2`1`/`1184,1184
1354`1`0`2553`2`1`/`1185,1185
1355`1`0`2554`2`1`/`1186,1186
1356`1`0`2555`2`1`/`1187,1187
1357`1`0`2557`2`1`/`1188,1188
1358`1`0`2558`2`1`/`1189,1189
1359`1`0`2559`2`1`/`1190,1190
1360`1`0`2563`2`1`/`1191,1191
1361`1`0`2564`2`1`/`1192,1192
1362`1`0`2565`2`1`/`1193,1193
1363`1`0`2567`2`1`/`1194,1194
1364`1`0`2568`2`1`/`1195,1195
1365`1`0`2570`2`1`/`1196,1196
1366`1`0`2572`2`1`/`1197,1197
1367`1`0`2573`2`1`/`1198,1198
1368`1`0`2574`2`1`/`1199,1199
1369`1`0`2576`2`1`/`117,117
1370`1`0`2577`2`1`/`118,118
1371`1`0`2578`2`1`/`119,119
1372`1`0`2579`2`1`/`120,120
1373`1`0`2580`2`1`/`121,121
1374`1`0`2581`2`1`/`122,122
1375`1`0`2582`2`1`/`123,123
1376`1`0`2583`2`1`/`124,124
1377`1`0`2584`2`1`/`125,125
1378`1`0`2585`2`1`/`126,126
1379`1`0`2586`2`1`/`127,127
1380`1`0`2587`2`1`/`128,128
1381`1`0`2588`2`1`/`129,129
1382`1`0`2589`2`1`/`130,130
1383`1`0`2590`2`1`/`131,131
1384`1`0`2591`2`1`/`132,132
1385`1`0`2592`2`1`/`133,133
1386`1`0`2593`2`1`/`134,134
1387`1`0`2594`2`1`/`135,135
1388`1`0`2595`2`1`/`136,136
1389`1`0`2596`2`1`/`137,137
1390`1`0`2597`2`1`/`138,138
1391`1`0`2598`2`1`/`139,139
1392`1`0`2599`2`1`/`140,140
1393`1`0`2600`2`1`/`141,141
1394`1`0`2601`2`1`/`142,142
1395`1`0`2602`2`1`/`143,143
1396`1`0`2603`2`1`/`144,144
1397`1`0`2604`2`1`/`145,145
1398`1`0`2605`2`1`/`146,146
1399`1`0`2606`2`1`/`147,147
1400`1`0`2607`2`1`/`148,148
1401`1`0`2608`2`1`/`149,149
1402`1`0`2609`2`1`/`150,150
1403`1`0`2610`2`1`/`151,151
1404`1`0`2611`2`1`/`152,152
1405`1`0`2612`2`1`/`153,153
1406`1`0`2613`2`1`/`154,154
1407`1`0`2614`2`1`/`155,155
1408`1`0`2615`2`1`/`156,156
1409`1`0`2616`2`1`/`157,157
1410`1`0`2617`2`1`/`158,158
1411`1`0`2618`2`1`/`159,159
1412`1`0`2619`2`1`/`160,160
1413`1`0`2620`2`1`/`161,161
1414`1`0`2621`2`1`/`162,162
1415`1`0`2622`2`1`/`163,163
1416`1`0`2623`2`1`/`164,164
1417`1`0`2624`2`1`/`165,165
1418`1`0`2625`2`1`/`166,166
1419`1`0`2626`2`1`/`167,167
1420`1`0`2627`2`1`/`168,168
1421`1`0`2628`2`1`/`169,169
1422`1`0`2629`2`1`/`170,170
1423`1`0`2630`2`1`/`171,171
1424`1`0`2631`2`1`/`172,172
1425`1`0`2632`2`1`/`173,173
1426`1`0`2633`2`1`/`174,174
1427`1`0`2634`2`1`/`175,175
1428`1`0`2635`2`1`/`176,176
1429`1`0`2636`2`1`/`177,177
1430`1`0`2637`2`1`/`178,178
1431`1`0`2638`2`1`/`179,179
1432`1`0`2639`2`1`/`180,180
1433`1`0`2640`2`1`/`181,181
1434`1`0`2641`2`1`/`182,182
1435`1`0`2642`2`1`/`183,183
1436`1`0`2643`2`1`/`184,184
1437`1`0`2644`2`1`/`185,185
1438`1`0`2645`2`1`/`186,186
1439`1`0`2646`2`1`/`187,187
1440`1`0`2647`2`1`/`188,188
1441`1`0`2648`2`1`/`189,189
1442`1`0`2649`2`1`/`190,190
1443`1`0`2650`2`1`/`191,191
1444`1`0`2651`2`1`/`192,192
1445`1`0`2652`2`1`/`193,193
1446`1`0`2653`2`1`/`194,194
1447`1`0`2654`2`1`/`195,195
1448`1`0`2655`2`1`/`196,196
1449`1`0`2656`2`1`/`197,197
1450`1`0`2657`2`1`/`198,198
1451`1`0`2658`2`1`/`199,199
1452`1`0`2659`2`1`/`1000,1000
1453`1`0`2660`2`1`/`1001,1001
1454`1`0`2661`2`1`/`1002,1002
1455`1`0`2662`2`1`/`1003,1003
1456`1`0`2664`2`1`/`1,1
1457`1`0`2666`2`1`/`2,2
1458`1`0`2668`2`1`/`1006,1006
1459`1`0`2670`2`1`/`4,4
1460`1`0`2672`2`1`/`5,5
1461`1`0`2674`2`1`/`1009,1009
1462`1`0`2675`2`1`/`6,6
1463`1`0`2677`2`1`/`7,7
1464`1`0`2679`2`1`/`1012,1012
1465`1`0`2681`2`1`/`9,9
1466`1`0`2683`2`1`/`10,10
1467`1`0`2685`2`1`/`1015,1015
1468`1`0`2687`2`1`/`12,12
1469`1`0`2690`2`1`/`13,13
1470`1`0`2692`2`1`/`14,14
1471`1`0`2694`2`1`/`1020,1020
1472`1`0`2696`2`1`/`1021,1021
1473`1`0`2698`2`1`/`17,17
1474`1`0`2700`2`1`/`18,18
1475`1`0`2702`2`1`/`1024,1024
1476`1`0`2704`2`1`/`20,20
1477`1`0`2706`2`1`/`1026,1026
1478`1`0`2708`2`1`/`1027,1027
1479`1`0`2710`2`1`/`23,23
1480`1`0`2712`2`1`/`1029,1029
1481`1`0`2714`2`1`/`1030,1030
1482`1`0`2716`2`1`/`26,26
1483`1`0`2718`2`1`/`1032,1032
1484`1`0`2720`2`1`/`28,28
1485`1`0`2722`2`1`/`1034,1034
1486`1`0`2724`2`1`/`1035,1035
1487`1`0`2726`2`1`/`31,31
1488`1`0`2727`2`1`/`1036,1036
1489`1`0`2729`2`1`/`1037,1037
1490`1`0`2731`2`1`/`34,34
1491`1`0`2733`2`1`/`35,35
1492`1`0`2735`2`1`/`1040,1040
1493`1`0`2737`2`1`/`1041,1041
1494`1`0`2740`2`1`/`1042,1042
1495`1`0`2742`2`1`/`40,40
1496`1`0`2744`2`1`/`1044,1044
1497`1`0`2746`2`1`/`1045,1045
1498`1`0`2748`2`1`/`1046,1046
1499`1`0`2750`2`1`/`44,44
1500`1`0`2752`2`1`/`1048,1048
1501`1`0`2755`2`1`/`1049,1049
1502`1`0`2757`2`1`/`48,48
1503`1`0`2759`2`1`/`49,49
1504`1`0`2761`2`1`/`1052,1052
1505`1`0`2764`2`1`/`1053,1053
1506`1`0`2766`2`1`/`1054,1054
1507`1`0`2768`2`1`/`54,54
1508`1`0`2770`2`1`/`55,55
1509`1`0`2772`2`1`/`56,56
1510`1`0`2774`2`1`/`1058,1058
1511`1`0`2776`2`1`/`1059,1059
1512`1`0`2778`2`1`/`59,59
1513`1`0`2779`2`1`/`1060,1060
1514`1`0`2781`2`1`/`1061,1061
1515`1`0`2783`2`1`/`62,62
1516`1`0`2784`2`1`/`1062,1062
1517`1`0`2786`2`1`/`1063,1063
1518`1`0`2788`2`1`/`65,65
1519`1`0`2790`2`1`/`1065,1065
1520`1`0`2791`2`1`/`66,66
1521`1`0`2793`2`1`/`67,67
1522`1`0`2795`2`1`/`1068,1068
1523`1`0`2797`2`1`/`1069,1069
1524`1`0`2799`2`1`/`70,70
1525`1`0`2801`2`1`/`1071,1071
1526`1`0`2803`2`1`/`72,72
1527`1`0`2805`2`1`/`73,73
1528`1`0`2807`2`1`/`1074,1074
1529`1`0`2809`2`1`/`1075,1075
1530`1`0`2811`2`1`/`76,76
1531`1`0`2813`2`1`/`77,77
1532`1`0`2815`2`1`/`1078,1078
1533`1`0`2817`2`1`/`79,79
1534`1`0`2819`2`1`/`80,80
1535`1`0`2821`2`1`/`1081,1081
1536`1`0`2823`2`1`/`82,82
1537`1`0`2825`2`1`/`1083,1083
1538`1`0`2827`2`1`/`84,84
1539`1`0`2830`2`1`/`85,85
1540`1`0`2832`2`1`/`1087,1087
1541`1`0`2834`2`1`/`87,87
1542`1`0`2836`2`1`/`1089,1089
1543`1`0`2838`2`1`/`89,89
1544`1`0`2840`2`1`/`1091,1091
1545`1`0`2843`2`1`/`1092,1092
1546`1`0`2845`2`1`/`93,93
1547`1`0`2847`2`1`/`94,94
1548`1`0`2849`2`1`/`1095,1095
1549`1`0`2851`2`1`/`96,96
1550`1`0`2853`2`1`/`1097,1097
1551`1`0`2854`2`1`/`97,97
1552`1`0`2856`2`1`/`98,98
1553`1`0`2858`2`1`/`1100,1100
1554`1`0`2860`2`1`/`100,100
1555`1`0`2862`2`1`/`1102,1102
1556`1`0`2864`2`1`/`1103,1103
1557`1`0`2867`2`1`/`1104,1104
1558`1`0`2870`2`1`/`106,106
1559`1`0`2872`2`1`/`1106,1106
1560`1`0`2874`2`1`/`1107,1107
1561`1`0`2875`2`1`/`108,108
1562`1`0`2877`2`1`/`109,109
1563`1`0`2879`2`1`/`1110,1110
1564`1`0`2881`2`1`/`1111,1111
1565`1`0`2883`2`1`/`1112,1112
1566`1`0`2885`2`1`/`1113,1113
1567`1`0`2887`2`1`/`114,114
1568`1`0`2889`2`1`/`1115,1115
1569`1`0`2891`2`1`/`1116,1116
1570`1`0`2893`2`1`/`117,117
1571`1`0`2895`2`1`/`1118,1118
1572`1`0`2897`2`1`/`119,119
1573`1`0`2899`2`1`/`1120,1120
1574`1`0`2901`2`1`/`121,121
1575`1`0`2903`2`1`/`122,122
1576`1`0`2905`2`1`/`1123,1123
1577`1`0`2907`2`1`/`1124,1124
1578`1`0`2909`2`1`/`125,125
1579`1`0`2912`2`1`/`126,126
1580`1`0`2914`2`1`/`1128,1128
1581`1`0`2916`2`1`/`1129,1129
1582`1`0`2918`2`1`/`129,129
1583`1`0`2920`2`1`/`130,130
1584`1`0`2922`2`1`/`131,131
1585`1`0`2924`2`1`/`1133,1133
1586`1`0`2926`2`1`/`1134,1134
1587`1`0`2928`2`1`/`134,134
1588`1`0`2930`2`1`/`135,135
1589`1`0`2933`2`1`/`136,136
1590`1`0`2935`2`1`/`1139,1139
1591`1`0`2937`2`1`/`138,138
1592`1`0`2939`2`1`/`1141,1141
1593`1`0`2940`2`1`/`139,139
1594`1`0`2942`2`1`/`140,140
1595`1`0`2944`2`1`/`141,141
1596`1`0`2946`2`1`/`1145,1145
1597`1`0`2948`2`1`/`1146,1146
1598`1`0`2950`2`1`/`144,144
1599`1`0`2952`2`1`/`1148,1148
1600`1`0`2954`2`1`/`146,146
1601`1`0`2957`2`1`/`147,147
1602`1`0`2959`2`1`/`1152,1152
1603`1`0`2961`2`1`/`1153,1153
1604`1`0`2963`2`1`/`150,150
1605`1`0`2964`2`1`/`1154,1154
1606`1`0`2966`2`1`/`1155,1155
1607`1`0`2967`2`1`/`152,152
1608`1`0`2969`2`1`/`153,153
1609`1`0`2971`2`1`/`1158,1158
1610`1`0`2973`2`1`/`155,155
1611`1`0`2975`2`1`/`1160,1160
1612`1`0`2977`2`1`/`1161,1161
1613`1`0`2979`2`1`/`1162,1162
1614`1`0`2981`2`1`/`159,159
1615`1`0`2983`2`1`/`160,160
1616`1`0`2985`2`1`/`1165,1165
1617`1`0`2987`2`1`/`162,162
1618`1`0`2989`2`1`/`1167,1167
1619`1`0`2991`2`1`/`164,164
1620`1`0`2993`2`1`/`165,165
1621`1`0`2995`2`1`/`1170,1170
1622`1`0`3003`2`1`/`1171,1171
1623`1`0`3005`2`1`/`174,174
1624`1`0`3008`2`1`/`175,175
1625`1`0`3010`2`1`/`1175,1175
1626`1`0`3012`2`1`/`177,177
1627`1`0`3018`2`1`/`1181,1181
1628`1`0`3020`2`1`/`179,179
1629`1`0`3022`2`1`/`1183,1183
1630`1`0`3024`2`1`/`181,181
1631`1`0`3026`2`1`/`1185,1185
1632`1`0`3028`2`1`/`1186,1186
1633`1`0`3030`2`1`/`184,184
1634`1`0`3032`2`1`/`1188,1188
1635`1`0`3034`2`1`/`1189,1189
1636`1`0`3036`2`1`/`187,187
1637`1`0`3038`2`1`/`1191,1191
1638`1`0`3040`2`1`/`1192,1192
1639`1`0`3042`2`1`/`190,190
1640`1`0`3044`2`1`/`191,191
1641`1`0`3046`2`1`/`192,192
1642`1`0`3049`2`1`/`1197,1197
1643`1`0`3051`2`1`/`194,194
1644`1`0`3053`2`1`/`195,195
1645`1`0`3055`2`1`/`196,196
1646`1`0`3056`2`1`/`197,197
1647`1`0`3057`2`1`/`198,198
1648`1`0`3058`2`1`/`199,199
1649`1`0`3059`2`4`/`900,900
1650`1`0`3060`2`4`/`901,901
1651`1`0`3061`2`4`/`902,902
1652`1`0`3062`2`4`/`903,903
1653`1`0`3063`2`4`/`904,904
1654`1`0`3064`2`4`/`905,905
1655`1`0`3065`2`4`/`906,906
1656`1`0`3066`2`4`/`907,907
1657`1`0`3067`2`4`/`908,908
1658`1`0`3068`2`4`/`909,909
1659`1`0`3069`2`4`/`910,910
1660`1`0`3070`2`4`/`911,911
1661`1`0`3071`2`4`/`912,912
1662`1`0`3072`2`4`/`913,913
1663`1`0`3073`2`4`/`914,914
1664`1`0`3074`2`4`/`915,915
1665`1`0`3075`2`4`/`916,916
1666`1`0`3076`2`4`/`917,917
1667`1`0`3077`2`4`/`918,918
1668`1`0`3078`2`4`/`919,919
1669`1`0`3079`2`4`/`920,920
1670`1`0`3080`2`4`/`921,921
1671`1`0`3081`2`4`/`922,922
1672`1`0`3082`2`4`/`923,923
1673`1`0`3083`2`4`/`924,924
1674`1`0`3084`2`4`/`925,925
1675`1`0`3085`2`4`/`926,926
1676`1`0`3086`2`4`/`927,927
1677`1`0`3087`2`4`/`928,928
1678`1`0`3088`2`4`/`929,929
1679`1`0`3089`2`4`/`930,930
1680`1`0`3090`2`4`/`931,931
1681`1`0`3091`2`4`/`932,932
1682`1`0`3092`2`4`/`933,933
1683`1`0`3093`2`4`/`934,934
1684`1`0`3094`2`4`/`935,935
1685`1`0`3095`2`4`/`936,936
1686`1`0`3096`2`4`/`937,937
1687`1`0`3097`2`4`/`938,938
1688`1`0`3098`2`4`/`939,939
1689`1`0`3099`2`4`/`940,940
1690`1`0`3100`2`4`/`941,941
1691`1`0`3101`2`4`/`942,942
1692`1`0`3102`2`4`/`943,943
1693`1`0`3103`2`4`/`944,944
1694`1`0`3104`2`4`/`945,945
1695`1`0`3105`2`4`/`946,946
1696`1`0`3106`2`4`/`947,947
1697`1`0`3107`2`4`/`948,948
1698`1`0`3108`2`4`/`949,949
1699`1`0`3109`2`4`/`950,950
1700`1`0`3110`2`4`/`951,951
1701`1`0`3111`2`4`/`952,952
1702`1`0`3112`2`4`/`953,953
1703`1`0`3113`2`4`/`954,954
1704`1`0`3114`2`4`/`955,955
1705`1`0`3115`2`4`/`956,956
1706`1`0`3116`2`4`/`957,957
1707`1`0`3117`2`4`/`958,958
1708`1`0`3118`2`4`/`959,959
1709`1`0`3119`2`4`/`960,960
1710`1`0`3120`2`4`/`961,961
1711`1`0`3121`2`4`/`962,962
1712`1`0`3122`2`4`/`963,963
1713`1`0`3123`2`4`/`964,964
1714`1`0`3124`2`4`/`965,965
1715`1`0`3125`2`4`/`966,966
1716`1`0`3126`2`4`/`967,967
1717`1`0`3127`2`4`/`968,968
1718`1`0`3128`2`4`/`969,969
1719`1`0`3129`2`4`/`970,970
1720`1`0`3130`2`4`/`971,971
1721`1`0`3131`2`4`/`972,972
1722`1`0`3132`2`4`/`973,973
1723`1`0`3133`2`4`/`974,974
1724`1`0`3134`2`4`/`975,975
1725`1`0`3135`2`4`/`976,976
1726`1`0`3136`2`4`/`977,977
1727`1`0`3137`2`4`/`978,978
1728`1`0`3138`2`4`/`979,979
1729`1`0`3139`2`4`/`980,980
1730`1`0`3140`2`4`/`981,981
1731`1`0`3141`2`4`/`982,982
1732`1`0`3142`2`4`/`983,983
1733`1`0`3143`2`4`/`984,984
1734`1`0`3144`2`4`/`985,985
1735`1`0`3145`2`4`/`986,986
1736`1`0`3146`2`4`/`987,987
1737`1`0`3147`2`4`/`988,988
1738`1`0`3148`2`4`/`989,989
1739`1`0`3149`2`4`/`990,990
1740`1`0`3150`2`4`/`991,991
1741`1`0`3151`2`4`/`992,992
1742`1`0`3152`2`4`/`993,993
1743`1`0`3153`2`4`/`994,994
1744`1`0`3154`2`4`/`995,995
1745`1`0`3155`2`4`/`996,996
1746`1`0`3156`2`4`/`997,997
1747`1`0`3157`2`4`/`998,998
1748`1`0`3158`2`4`/`999,999
1749`1`0`3159`2`4`/`1000,1000
1750`1`0`3160`2`4`/`1001,1001
1751`1`0`3161`2`4`/`1002,1002
1752`1`0`3162`2`4`/`1003,1003
1753`1`0`3163`2`4`/`1004,1004
1754`1`0`3164`2`4`/`1005,1005
1755`1`0`3165`2`4`/`1006,1006
1756`1`0`3166`2`4`/`1007,1007
1757`1`0`3167`2`4`/`1008,1008
1758`1`0`3168`2`4`/`1009,1009
1759`1`0`3169`2`4`/`1010,1010
1760`1`0`3170`2`4`/`1011,1011
1761`1`0`3171`2`4`/`1012,1012
1762`1`0`3172`2`4`/`1013,1013
1763`1`0`3173`2`4`/`1014,1014
1764`1`0`3174`2`4`/`1015,1015
1765`1`0`3175`2`4`/`1016,1016
1766`1`0`3176`2`4`/`1017,1017
1767`1`0`3177`2`4`/`1018,1018
1768`1`0`3178`2`4`/`1019,1019
1769`1`0`3179`2`4`/`1020,1020
1770`1`0`3180`2`4`/`1021,1021
1771`1`0`3181`2`4`/`1022,1022
1772`1`0`3182`2`4`/`1023,1023
1773`1`0`3183`2`4`/`1024,1024
1774`1`0`3184`2`4`/`1025,1025
1775`1`0`3185`2`4`/`1026,1026
1776`1`0`3186`2`4`/`1027,1027
1777`1`0`3187`2`4`/`1028,1028
1778`1`0`3188`2`4`/`1029,1029
1779`1`0`3189`2`4`/`1030,1030
1780`1`0`3190`2`4`/`1031,1031
1781`1`0`3191`2`4`/`1032,1032
1782`1`0`3192`2`4`/`1033,1033
1783`1`0`3193`2`4`/`1034,1034
1784`1`0`3194`2`4`/`1035,1035
1785`1`0`3195`2`4`/`1036,1036
1786`1`0`3196`2`4`/`1037,1037
1787`1`0`3197`2`4`/`1038,1038
1788`1`0`3198`2`4`/`1039,1039
1789`1`0`3199`2`4`/`1040,1040
1790`1`0`3200`2`4`/`1041,1041
1791`1`0`3201`2`4`/`1042,1042
1792`1`0`3202`2`4`/`1043,1043
1793`1`0`3203`2`4`/`1044,1044
1794`1`0`3204`2`4`/`1045,1045
1795`1`0`3205`2`4`/`1046,1046
1796`1`0`3206`2`4`/`1047,1047
1797`1`0`3207`2`4`/`1048,1048
1798`1`0`3208`2`4`/`1049,1049
1799`1`0`3209`2`4`/`1050,1050
1800`1`0`3210`2`4`/`1051,1051
1801`1`0`3211`2`4`/`1052,1052
1802`1`0`3212`2`4`/`1053,1053
1803`1`0`3213`2`4`/`1054,1054
1804`1`0`3214`2`4`/`1055,1055
1805`1`0`3215`2`4`/`1056,1056
1806`1`0`3216`2`4`/`1057,1057
1807`1`0`3217`2`4`/`1058,1058
1808`1`0`3218`2`4`/`1059,1059
1809`1`0`3219`2`4`/`1060,1060
1810`1`0`3220`2`4`/`1061,1061
1811`1`0`3221`2`4`/`1062,1062
1812`1`0`3222`2`4`/`1063,1063
1813`1`0`3223`2`4`/`1064,1064
1814`1`0`3224`2`4`/`1065,1065
1815`1`0`3225`2`4`/`1066,1066
1816`1`0`3226`2`4`/`1067,1067
1817`1`0`3227`2`4`/`1068,1068
1818`1`0`3228`2`4`/`1069,1069
1819`1`0`3229`2`1`/`1000,1000
1820`1`0`3230`2`1`/`1001,1001
1821`1`0`3231`2`1`/`1002,1002
1822`1`0`3232`2`1`/`1003,1003
1823`1`0`3233`2`1`/`1004,1004
1824`1`0`3237`2`1`/`1005,1005
1825`1`0`3240`2`1`/`1006,1006
1826`1`0`3242`2`1`/`6,6
1827`1`0`3245`2`1`/`1009,1009
1828`1`0`3248`2`1`/`1010,1010
1829`1`0`3252`2`1`/`12,12
1830`1`0`3255`2`1`/`13,13
1831`1`0`3258`2`1`/`14,14
1832`1`0`3261`2`1`/`15,15
1833`1`0`3264`2`1`/`16,16
1834`1`0`3268`2`1`/`1022,1022
1835`1`0`3272`2`1`/`1023,1023
1836`1`0`3276`2`1`/`1024,1024
1837`1`0`3279`2`1`/`1025,1025
1838`1`0`3283`2`1`/`28,28
1839`1`0`3284`2`1`/`1026,1026
1840`1`0`3288`2`1`/`1027,1027
1841`1`0`3293`2`1`/`1028,1028
1842`1`0`3296`2`1`/`1029,1029
1843`1`0`3305`2`1`/`1030,1030
1844`1`0`3309`2`1`/`1031,1031
1845`1`0`3315`2`1`/`1032,1032
1846`1`0`3320`2`1`/`1033,1033
1847`1`0`3324`2`1`/`1034,1034
1848`1`0`3328`2`1`/`1035,1035
1849`1`0`3333`2`1`/`1036,1036
1850`1`0`3337`2`1`/`1037,1037
1851`1`0`3341`2`1`/`1038,1038
1852`1`0`3346`2`1`/`1039,1039
1853`1`0`3350`2`1`/`1040,1040
1854`1`0`3353`2`1`/`1041,1041
1855`1`0`3358`2`1`/`1042,1042
1856`1`0`3363`2`1`/`1043,1043
1857`1`0`3367`2`1`/`1044,1044
1858`1`0`3371`2`1`/`1045,1045
1859`1`0`3374`2`1`/`1046,1046
1860`1`0`3378`2`1`/`1047,1047
1861`1`0`3382`2`1`/`1048,1048
1862`1`0`3384`2`1`/`106,106
1863`1`0`3387`2`1`/`1051,1051
1864`1`0`3390`2`1`/`1052,1052
1865`1`0`3411`2`1`/`1053,1053
1866`1`0`3415`2`1`/`1054,1054
1867`1`0`3419`2`1`/`1055,1055
1868`1`0`3424`2`1`/`1056,1056
1869`1`0`3428`2`1`/`1057,1057
1870`1`0`3432`2`1`/`1058,1058
1871`1`0`3435`2`1`/`147,147
1872`1`0`3442`2`1`/`148,148
1873`1`0`3444`2`1`/`1066,1066
1874`1`0`3448`2`1`/`152,152
1875`1`0`3453`2`1`/`153,153
1876`1`0`3452`2`1`/`1070,1070
1877`1`0`3454`2`1`/`154,154
1878`1`0`3458`2`1`/`155,155
1879`1`0`3463`2`1`/`156,156
1880`1`0`3467`2`1`/`1081,1081
1881`1`0`3471`2`1`/`1082,1082
1882`1`0`3475`2`1`/`1083,1083
1883`1`0`3479`2`1`/`1084,1084
1884`1`0`3484`2`1`/`1085,1085
1885`1`0`3489`2`1`/`174,174
1886`1`0`3494`2`1`/`175,175
1887`1`0`3499`2`1`/`176,176
1888`1`0`3503`2`1`/`177,177
1889`1`0`3508`2`1`/`178,178
1890`1`0`3512`2`1`/`179,179
1891`1`0`3516`2`1`/`180,180
1892`1`0`3521`2`1`/`1111,1111
1894`1`0`3527`2`1`/`1112,1112
1893`1`0`3528`2`1`/`186,186
1895`1`0`3529`2`1`/`1113,1113
1896`1`0`3533`2`1`/`190,190
1897`1`0`3537`2`1`/`1117,1117
1898`1`0`3540`2`1`/`1118,1118
1899`1`0`3548`2`1`/`1119,1119
1900`1`0`3549`2`1`/`1120,1120
1901`1`0`3550`2`1`/`1121,1121
1902`1`0`3551`2`1`/`1122,1122
1903`1`0`3552`2`1`/`1123,1123
1904`1`0`3553`2`1`/`1124,1124
1905`1`0`3554`2`1`/`1125,1125
1906`1`0`3555`2`1`/`1126,1126
1907`1`0`3556`2`1`/`1127,1127
1908`1`0`3557`2`1`/`1128,1128
1909`1`0`3558`2`1`/`1129,1129
1910`1`0`3559`2`1`/`1130,1130
1911`1`0`3560`2`1`/`1131,1131
1912`1`0`3561`2`1`/`1132,1132
1913`1`0`3562`2`1`/`1133,1133
1914`1`0`3563`2`1`/`1134,1134
1915`1`0`3564`2`1`/`1135,1135
1916`1`0`3565`2`1`/`1136,1136
1917`1`0`3566`2`1`/`1137,1137
1918`1`0`3567`2`1`/`1138,1138
1919`1`0`3568`2`1`/`1139,1139
1920`1`0`3569`2`1`/`1140,1140
1921`1`0`3570`2`1`/`1141,1141
1922`1`0`3571`2`1`/`1142,1142
1923`1`0`3572`2`1`/`1143,1143
1924`1`0`3573`2`1`/`1144,1144
1925`1`0`3574`2`1`/`1145,1145
1926`1`0`3575`2`1`/`1146,1146
1927`1`0`3576`2`1`/`1147,1147
1928`1`0`3577`2`1`/`1148,1148
1929`1`0`3578`2`1`/`1149,1149
1930`1`0`3579`2`1`/`1150,1150
1931`1`0`3580`2`1`/`1151,1151
1932`1`0`3581`2`1`/`1152,1152
1933`1`0`3582`2`1`/`1153,1153
1934`1`0`3583`2`1`/`1154,1154
1935`1`0`3584`2`1`/`1155,1155
1936`1`0`3585`2`1`/`1156,1156
1937`1`0`3586`2`1`/`1157,1157
1938`1`0`3587`2`1`/`1158,1158
1939`1`0`3588`2`1`/`1159,1159
1940`1`0`3589`2`1`/`1160,1160
1941`1`0`3590`2`1`/`1161,1161
1942`1`0`3591`2`1`/`1162,1162
1943`1`0`3592`2`1`/`1163,1163
1944`1`0`3593`2`1`/`1164,1164
1945`1`0`3594`2`1`/`1165,1165
1946`1`0`3595`2`1`/`1166,1166
1947`1`0`3596`2`1`/`1167,1167
1948`1`0`3597`2`1`/`1168,1168
1949`1`0`3598`2`1`/`1169,1169
